CRITICAL - 2021-09-06 07:54:23 --> Invalid file: hello_view.php
#0 C:\xampp\htdocs\dumbways\vendor\codeigniter4\framework\system\View\View.php(213): CodeIgniter\Exceptions\FrameworkException::forInvalidFile('hello_view.php')
#1 C:\xampp\htdocs\dumbways\vendor\codeigniter4\framework\system\Common.php(1271): CodeIgniter\View\View->render('hello_view', Array, true)
#2 C:\xampp\htdocs\dumbways\app\Controllers\Hello.php(12): view('hello_view', Array)
#3 C:\xampp\htdocs\dumbways\vendor\codeigniter4\framework\system\CodeIgniter.php(928): App\Controllers\Hello->index()
#4 C:\xampp\htdocs\dumbways\vendor\codeigniter4\framework\system\CodeIgniter.php(436): CodeIgniter\CodeIgniter->runController(Object(App\Controllers\Hello))
#5 C:\xampp\htdocs\dumbways\vendor\codeigniter4\framework\system\CodeIgniter.php(336): CodeIgniter\CodeIgniter->handleRequest(NULL, Object(Config\Cache), false)
#6 C:\xampp\htdocs\dumbways\public\index.php(37): CodeIgniter\CodeIgniter->run()
#7 C:\xampp\htdocs\dumbways\vendor\codeigniter4\framework\system\Commands\Server\rewrite.php(45): require_once('C:\\xampp\\htdocs...')
#8 {main}
CRITICAL - 2021-09-06 07:54:51 --> syntax error, unexpected ','
#0 C:\xampp\htdocs\dumbways\vendor\codeigniter4\framework\system\Router\Router.php(169): CodeIgniter\Router\Router->autoRoute('hello')
#1 C:\xampp\htdocs\dumbways\vendor\codeigniter4\framework\system\CodeIgniter.php(809): CodeIgniter\Router\Router->handle('hello')
#2 C:\xampp\htdocs\dumbways\vendor\codeigniter4\framework\system\CodeIgniter.php(389): CodeIgniter\CodeIgniter->tryToRouteIt(Object(CodeIgniter\Router\RouteCollection))
#3 C:\xampp\htdocs\dumbways\vendor\codeigniter4\framework\system\CodeIgniter.php(336): CodeIgniter\CodeIgniter->handleRequest(NULL, Object(Config\Cache), false)
#4 C:\xampp\htdocs\dumbways\public\index.php(37): CodeIgniter\CodeIgniter->run()
#5 C:\xampp\htdocs\dumbways\vendor\codeigniter4\framework\system\Commands\Server\rewrite.php(45): require_once('C:\\xampp\\htdocs...')
#6 {main}
CRITICAL - 2021-09-06 07:54:57 --> Invalid file: hello_view.php
#0 C:\xampp\htdocs\dumbways\vendor\codeigniter4\framework\system\View\View.php(213): CodeIgniter\Exceptions\FrameworkException::forInvalidFile('hello_view.php')
#1 C:\xampp\htdocs\dumbways\vendor\codeigniter4\framework\system\Common.php(1271): CodeIgniter\View\View->render('hello_view', Array, true)
#2 C:\xampp\htdocs\dumbways\app\Controllers\Hello.php(12): view('hello_view', Array)
#3 C:\xampp\htdocs\dumbways\vendor\codeigniter4\framework\system\CodeIgniter.php(928): App\Controllers\Hello->index()
#4 C:\xampp\htdocs\dumbways\vendor\codeigniter4\framework\system\CodeIgniter.php(436): CodeIgniter\CodeIgniter->runController(Object(App\Controllers\Hello))
#5 C:\xampp\htdocs\dumbways\vendor\codeigniter4\framework\system\CodeIgniter.php(336): CodeIgniter\CodeIgniter->handleRequest(NULL, Object(Config\Cache), false)
#6 C:\xampp\htdocs\dumbways\public\index.php(37): CodeIgniter\CodeIgniter->run()
#7 C:\xampp\htdocs\dumbways\vendor\codeigniter4\framework\system\Commands\Server\rewrite.php(45): require_once('C:\\xampp\\htdocs...')
#8 {main}
CRITICAL - 2021-09-06 09:05:14 --> syntax error, unexpected 'return' (T_RETURN)
#0 C:\xampp\htdocs\dumbways\vendor\codeigniter4\framework\system\Autoloader\Autoloader.php(273): CodeIgniter\Autoloader\Autoloader->includeFile('C:\\xampp\\htdocs...')
#1 C:\xampp\htdocs\dumbways\vendor\codeigniter4\framework\system\Autoloader\Autoloader.php(247): CodeIgniter\Autoloader\Autoloader->loadInNamespace('App\\Controllers...')
#2 [internal function]: CodeIgniter\Autoloader\Autoloader->loadClass('App\\Controllers...')
#3 [internal function]: spl_autoload_call('App\\Controllers...')
#4 C:\xampp\htdocs\dumbways\vendor\codeigniter4\framework\system\CodeIgniter.php(885): class_exists('\\App\\Controller...', true)
#5 C:\xampp\htdocs\dumbways\vendor\codeigniter4\framework\system\CodeIgniter.php(421): CodeIgniter\CodeIgniter->startController()
#6 C:\xampp\htdocs\dumbways\vendor\codeigniter4\framework\system\CodeIgniter.php(336): CodeIgniter\CodeIgniter->handleRequest(NULL, Object(Config\Cache), false)
#7 C:\xampp\htdocs\dumbways\public\index.php(37): CodeIgniter\CodeIgniter->run()
#8 C:\xampp\htdocs\dumbways\vendor\codeigniter4\framework\system\Commands\Server\rewrite.php(45): require_once('C:\\xampp\\htdocs...')
#9 {main}
CRITICAL - 2021-09-06 09:10:03 --> Use of undefined constant Pokemon - assumed 'Pokemon' (this will throw an Error in a future version of PHP)
#0 C:\xampp\htdocs\dumbways\app\Controllers\Hello.php(21): CodeIgniter\Debug\Exceptions->errorHandler(2, 'Use of undefine...', 'C:\\xampp\\htdocs...', 21, Array)
#1 C:\xampp\htdocs\dumbways\vendor\codeigniter4\framework\system\CodeIgniter.php(928): App\Controllers\Hello->index()
#2 C:\xampp\htdocs\dumbways\vendor\codeigniter4\framework\system\CodeIgniter.php(436): CodeIgniter\CodeIgniter->runController(Object(App\Controllers\Hello))
#3 C:\xampp\htdocs\dumbways\vendor\codeigniter4\framework\system\CodeIgniter.php(336): CodeIgniter\CodeIgniter->handleRequest(NULL, Object(Config\Cache), false)
#4 C:\xampp\htdocs\dumbways\public\index.php(37): CodeIgniter\CodeIgniter->run()
#5 C:\xampp\htdocs\dumbways\vendor\codeigniter4\framework\system\Commands\Server\rewrite.php(45): require_once('C:\\xampp\\htdocs...')
#6 {main}
CRITICAL - 2021-09-06 09:10:14 --> Use of undefined constant PokemonModel - assumed 'PokemonModel' (this will throw an Error in a future version of PHP)
#0 C:\xampp\htdocs\dumbways\app\Controllers\Hello.php(21): CodeIgniter\Debug\Exceptions->errorHandler(2, 'Use of undefine...', 'C:\\xampp\\htdocs...', 21, Array)
#1 C:\xampp\htdocs\dumbways\vendor\codeigniter4\framework\system\CodeIgniter.php(928): App\Controllers\Hello->index()
#2 C:\xampp\htdocs\dumbways\vendor\codeigniter4\framework\system\CodeIgniter.php(436): CodeIgniter\CodeIgniter->runController(Object(App\Controllers\Hello))
#3 C:\xampp\htdocs\dumbways\vendor\codeigniter4\framework\system\CodeIgniter.php(336): CodeIgniter\CodeIgniter->handleRequest(NULL, Object(Config\Cache), false)
#4 C:\xampp\htdocs\dumbways\public\index.php(37): CodeIgniter\CodeIgniter->run()
#5 C:\xampp\htdocs\dumbways\vendor\codeigniter4\framework\system\Commands\Server\rewrite.php(45): require_once('C:\\xampp\\htdocs...')
#6 {main}
CRITICAL - 2021-09-06 09:10:34 --> Use of undefined constant pokemon_tb - assumed 'pokemon_tb' (this will throw an Error in a future version of PHP)
#0 C:\xampp\htdocs\dumbways\app\Controllers\Hello.php(21): CodeIgniter\Debug\Exceptions->errorHandler(2, 'Use of undefine...', 'C:\\xampp\\htdocs...', 21, Array)
#1 C:\xampp\htdocs\dumbways\vendor\codeigniter4\framework\system\CodeIgniter.php(928): App\Controllers\Hello->index()
#2 C:\xampp\htdocs\dumbways\vendor\codeigniter4\framework\system\CodeIgniter.php(436): CodeIgniter\CodeIgniter->runController(Object(App\Controllers\Hello))
#3 C:\xampp\htdocs\dumbways\vendor\codeigniter4\framework\system\CodeIgniter.php(336): CodeIgniter\CodeIgniter->handleRequest(NULL, Object(Config\Cache), false)
#4 C:\xampp\htdocs\dumbways\public\index.php(37): CodeIgniter\CodeIgniter->run()
#5 C:\xampp\htdocs\dumbways\vendor\codeigniter4\framework\system\Commands\Server\rewrite.php(45): require_once('C:\\xampp\\htdocs...')
#6 {main}
CRITICAL - 2021-09-06 09:10:37 --> Use of undefined constant pokemon_tb - assumed 'pokemon_tb' (this will throw an Error in a future version of PHP)
#0 C:\xampp\htdocs\dumbways\app\Controllers\Hello.php(21): CodeIgniter\Debug\Exceptions->errorHandler(2, 'Use of undefine...', 'C:\\xampp\\htdocs...', 21, Array)
#1 C:\xampp\htdocs\dumbways\vendor\codeigniter4\framework\system\CodeIgniter.php(928): App\Controllers\Hello->index()
#2 C:\xampp\htdocs\dumbways\vendor\codeigniter4\framework\system\CodeIgniter.php(436): CodeIgniter\CodeIgniter->runController(Object(App\Controllers\Hello))
#3 C:\xampp\htdocs\dumbways\vendor\codeigniter4\framework\system\CodeIgniter.php(336): CodeIgniter\CodeIgniter->handleRequest(NULL, Object(Config\Cache), false)
#4 C:\xampp\htdocs\dumbways\public\index.php(37): CodeIgniter\CodeIgniter->run()
#5 C:\xampp\htdocs\dumbways\vendor\codeigniter4\framework\system\Commands\Server\rewrite.php(45): require_once('C:\\xampp\\htdocs...')
#6 {main}
CRITICAL - 2021-09-06 09:10:40 --> Use of undefined constant pokemon_tb - assumed 'pokemon_tb' (this will throw an Error in a future version of PHP)
#0 C:\xampp\htdocs\dumbways\app\Controllers\Hello.php(21): CodeIgniter\Debug\Exceptions->errorHandler(2, 'Use of undefine...', 'C:\\xampp\\htdocs...', 21, Array)
#1 C:\xampp\htdocs\dumbways\vendor\codeigniter4\framework\system\CodeIgniter.php(928): App\Controllers\Hello->index()
#2 C:\xampp\htdocs\dumbways\vendor\codeigniter4\framework\system\CodeIgniter.php(436): CodeIgniter\CodeIgniter->runController(Object(App\Controllers\Hello))
#3 C:\xampp\htdocs\dumbways\vendor\codeigniter4\framework\system\CodeIgniter.php(336): CodeIgniter\CodeIgniter->handleRequest(NULL, Object(Config\Cache), false)
#4 C:\xampp\htdocs\dumbways\public\index.php(37): CodeIgniter\CodeIgniter->run()
#5 C:\xampp\htdocs\dumbways\vendor\codeigniter4\framework\system\Commands\Server\rewrite.php(45): require_once('C:\\xampp\\htdocs...')
#6 {main}
CRITICAL - 2021-09-06 09:10:41 --> Use of undefined constant pokemon_tb - assumed 'pokemon_tb' (this will throw an Error in a future version of PHP)
#0 C:\xampp\htdocs\dumbways\app\Controllers\Hello.php(21): CodeIgniter\Debug\Exceptions->errorHandler(2, 'Use of undefine...', 'C:\\xampp\\htdocs...', 21, Array)
#1 C:\xampp\htdocs\dumbways\vendor\codeigniter4\framework\system\CodeIgniter.php(928): App\Controllers\Hello->index()
#2 C:\xampp\htdocs\dumbways\vendor\codeigniter4\framework\system\CodeIgniter.php(436): CodeIgniter\CodeIgniter->runController(Object(App\Controllers\Hello))
#3 C:\xampp\htdocs\dumbways\vendor\codeigniter4\framework\system\CodeIgniter.php(336): CodeIgniter\CodeIgniter->handleRequest(NULL, Object(Config\Cache), false)
#4 C:\xampp\htdocs\dumbways\public\index.php(37): CodeIgniter\CodeIgniter->run()
#5 C:\xampp\htdocs\dumbways\vendor\codeigniter4\framework\system\Commands\Server\rewrite.php(45): require_once('C:\\xampp\\htdocs...')
#6 {main}
CRITICAL - 2021-09-06 09:11:08 --> Use of undefined constant PokemonModel - assumed 'PokemonModel' (this will throw an Error in a future version of PHP)
#0 C:\xampp\htdocs\dumbways\app\Controllers\Hello.php(21): CodeIgniter\Debug\Exceptions->errorHandler(2, 'Use of undefine...', 'C:\\xampp\\htdocs...', 21, Array)
#1 C:\xampp\htdocs\dumbways\vendor\codeigniter4\framework\system\CodeIgniter.php(928): App\Controllers\Hello->index()
#2 C:\xampp\htdocs\dumbways\vendor\codeigniter4\framework\system\CodeIgniter.php(436): CodeIgniter\CodeIgniter->runController(Object(App\Controllers\Hello))
#3 C:\xampp\htdocs\dumbways\vendor\codeigniter4\framework\system\CodeIgniter.php(336): CodeIgniter\CodeIgniter->handleRequest(NULL, Object(Config\Cache), false)
#4 C:\xampp\htdocs\dumbways\public\index.php(37): CodeIgniter\CodeIgniter->run()
#5 C:\xampp\htdocs\dumbways\vendor\codeigniter4\framework\system\Commands\Server\rewrite.php(45): require_once('C:\\xampp\\htdocs...')
#6 {main}
CRITICAL - 2021-09-06 09:11:09 --> Use of undefined constant PokemonModel - assumed 'PokemonModel' (this will throw an Error in a future version of PHP)
#0 C:\xampp\htdocs\dumbways\app\Controllers\Hello.php(21): CodeIgniter\Debug\Exceptions->errorHandler(2, 'Use of undefine...', 'C:\\xampp\\htdocs...', 21, Array)
#1 C:\xampp\htdocs\dumbways\vendor\codeigniter4\framework\system\CodeIgniter.php(928): App\Controllers\Hello->index()
#2 C:\xampp\htdocs\dumbways\vendor\codeigniter4\framework\system\CodeIgniter.php(436): CodeIgniter\CodeIgniter->runController(Object(App\Controllers\Hello))
#3 C:\xampp\htdocs\dumbways\vendor\codeigniter4\framework\system\CodeIgniter.php(336): CodeIgniter\CodeIgniter->handleRequest(NULL, Object(Config\Cache), false)
#4 C:\xampp\htdocs\dumbways\public\index.php(37): CodeIgniter\CodeIgniter->run()
#5 C:\xampp\htdocs\dumbways\vendor\codeigniter4\framework\system\Commands\Server\rewrite.php(45): require_once('C:\\xampp\\htdocs...')
#6 {main}
CRITICAL - 2021-09-06 09:11:10 --> Use of undefined constant PokemonModel - assumed 'PokemonModel' (this will throw an Error in a future version of PHP)
#0 C:\xampp\htdocs\dumbways\app\Controllers\Hello.php(21): CodeIgniter\Debug\Exceptions->errorHandler(2, 'Use of undefine...', 'C:\\xampp\\htdocs...', 21, Array)
#1 C:\xampp\htdocs\dumbways\vendor\codeigniter4\framework\system\CodeIgniter.php(928): App\Controllers\Hello->index()
#2 C:\xampp\htdocs\dumbways\vendor\codeigniter4\framework\system\CodeIgniter.php(436): CodeIgniter\CodeIgniter->runController(Object(App\Controllers\Hello))
#3 C:\xampp\htdocs\dumbways\vendor\codeigniter4\framework\system\CodeIgniter.php(336): CodeIgniter\CodeIgniter->handleRequest(NULL, Object(Config\Cache), false)
#4 C:\xampp\htdocs\dumbways\public\index.php(37): CodeIgniter\CodeIgniter->run()
#5 C:\xampp\htdocs\dumbways\vendor\codeigniter4\framework\system\Commands\Server\rewrite.php(45): require_once('C:\\xampp\\htdocs...')
#6 {main}
CRITICAL - 2021-09-06 09:11:10 --> Use of undefined constant PokemonModel - assumed 'PokemonModel' (this will throw an Error in a future version of PHP)
#0 C:\xampp\htdocs\dumbways\app\Controllers\Hello.php(21): CodeIgniter\Debug\Exceptions->errorHandler(2, 'Use of undefine...', 'C:\\xampp\\htdocs...', 21, Array)
#1 C:\xampp\htdocs\dumbways\vendor\codeigniter4\framework\system\CodeIgniter.php(928): App\Controllers\Hello->index()
#2 C:\xampp\htdocs\dumbways\vendor\codeigniter4\framework\system\CodeIgniter.php(436): CodeIgniter\CodeIgniter->runController(Object(App\Controllers\Hello))
#3 C:\xampp\htdocs\dumbways\vendor\codeigniter4\framework\system\CodeIgniter.php(336): CodeIgniter\CodeIgniter->handleRequest(NULL, Object(Config\Cache), false)
#4 C:\xampp\htdocs\dumbways\public\index.php(37): CodeIgniter\CodeIgniter->run()
#5 C:\xampp\htdocs\dumbways\vendor\codeigniter4\framework\system\Commands\Server\rewrite.php(45): require_once('C:\\xampp\\htdocs...')
#6 {main}
CRITICAL - 2021-09-06 09:11:14 --> Use of undefined constant PokemonModel - assumed 'PokemonModel' (this will throw an Error in a future version of PHP)
#0 C:\xampp\htdocs\dumbways\app\Controllers\Hello.php(21): CodeIgniter\Debug\Exceptions->errorHandler(2, 'Use of undefine...', 'C:\\xampp\\htdocs...', 21, Array)
#1 C:\xampp\htdocs\dumbways\vendor\codeigniter4\framework\system\CodeIgniter.php(928): App\Controllers\Hello->index()
#2 C:\xampp\htdocs\dumbways\vendor\codeigniter4\framework\system\CodeIgniter.php(436): CodeIgniter\CodeIgniter->runController(Object(App\Controllers\Hello))
#3 C:\xampp\htdocs\dumbways\vendor\codeigniter4\framework\system\CodeIgniter.php(336): CodeIgniter\CodeIgniter->handleRequest(NULL, Object(Config\Cache), false)
#4 C:\xampp\htdocs\dumbways\public\index.php(37): CodeIgniter\CodeIgniter->run()
#5 C:\xampp\htdocs\dumbways\vendor\codeigniter4\framework\system\Commands\Server\rewrite.php(45): require_once('C:\\xampp\\htdocs...')
#6 {main}
CRITICAL - 2021-09-06 09:11:32 --> Use of undefined constant pokemonModel - assumed 'pokemonModel' (this will throw an Error in a future version of PHP)
#0 C:\xampp\htdocs\dumbways\app\Controllers\Hello.php(21): CodeIgniter\Debug\Exceptions->errorHandler(2, 'Use of undefine...', 'C:\\xampp\\htdocs...', 21, Array)
#1 C:\xampp\htdocs\dumbways\vendor\codeigniter4\framework\system\CodeIgniter.php(928): App\Controllers\Hello->index()
#2 C:\xampp\htdocs\dumbways\vendor\codeigniter4\framework\system\CodeIgniter.php(436): CodeIgniter\CodeIgniter->runController(Object(App\Controllers\Hello))
#3 C:\xampp\htdocs\dumbways\vendor\codeigniter4\framework\system\CodeIgniter.php(336): CodeIgniter\CodeIgniter->handleRequest(NULL, Object(Config\Cache), false)
#4 C:\xampp\htdocs\dumbways\public\index.php(37): CodeIgniter\CodeIgniter->run()
#5 C:\xampp\htdocs\dumbways\vendor\codeigniter4\framework\system\Commands\Server\rewrite.php(45): require_once('C:\\xampp\\htdocs...')
#6 {main}
CRITICAL - 2021-09-06 09:11:35 --> Use of undefined constant pokemonModel - assumed 'pokemonModel' (this will throw an Error in a future version of PHP)
#0 C:\xampp\htdocs\dumbways\app\Controllers\Hello.php(21): CodeIgniter\Debug\Exceptions->errorHandler(2, 'Use of undefine...', 'C:\\xampp\\htdocs...', 21, Array)
#1 C:\xampp\htdocs\dumbways\vendor\codeigniter4\framework\system\CodeIgniter.php(928): App\Controllers\Hello->index()
#2 C:\xampp\htdocs\dumbways\vendor\codeigniter4\framework\system\CodeIgniter.php(436): CodeIgniter\CodeIgniter->runController(Object(App\Controllers\Hello))
#3 C:\xampp\htdocs\dumbways\vendor\codeigniter4\framework\system\CodeIgniter.php(336): CodeIgniter\CodeIgniter->handleRequest(NULL, Object(Config\Cache), false)
#4 C:\xampp\htdocs\dumbways\public\index.php(37): CodeIgniter\CodeIgniter->run()
#5 C:\xampp\htdocs\dumbways\vendor\codeigniter4\framework\system\Commands\Server\rewrite.php(45): require_once('C:\\xampp\\htdocs...')
#6 {main}
CRITICAL - 2021-09-06 09:11:37 --> Use of undefined constant pokemonModel - assumed 'pokemonModel' (this will throw an Error in a future version of PHP)
#0 C:\xampp\htdocs\dumbways\app\Controllers\Hello.php(21): CodeIgniter\Debug\Exceptions->errorHandler(2, 'Use of undefine...', 'C:\\xampp\\htdocs...', 21, Array)
#1 C:\xampp\htdocs\dumbways\vendor\codeigniter4\framework\system\CodeIgniter.php(928): App\Controllers\Hello->index()
#2 C:\xampp\htdocs\dumbways\vendor\codeigniter4\framework\system\CodeIgniter.php(436): CodeIgniter\CodeIgniter->runController(Object(App\Controllers\Hello))
#3 C:\xampp\htdocs\dumbways\vendor\codeigniter4\framework\system\CodeIgniter.php(336): CodeIgniter\CodeIgniter->handleRequest(NULL, Object(Config\Cache), false)
#4 C:\xampp\htdocs\dumbways\public\index.php(37): CodeIgniter\CodeIgniter->run()
#5 C:\xampp\htdocs\dumbways\vendor\codeigniter4\framework\system\Commands\Server\rewrite.php(45): require_once('C:\\xampp\\htdocs...')
#6 {main}
CRITICAL - 2021-09-06 09:11:39 --> Use of undefined constant pokemonModel - assumed 'pokemonModel' (this will throw an Error in a future version of PHP)
#0 C:\xampp\htdocs\dumbways\app\Controllers\Hello.php(21): CodeIgniter\Debug\Exceptions->errorHandler(2, 'Use of undefine...', 'C:\\xampp\\htdocs...', 21, Array)
#1 C:\xampp\htdocs\dumbways\vendor\codeigniter4\framework\system\CodeIgniter.php(928): App\Controllers\Hello->index()
#2 C:\xampp\htdocs\dumbways\vendor\codeigniter4\framework\system\CodeIgniter.php(436): CodeIgniter\CodeIgniter->runController(Object(App\Controllers\Hello))
#3 C:\xampp\htdocs\dumbways\vendor\codeigniter4\framework\system\CodeIgniter.php(336): CodeIgniter\CodeIgniter->handleRequest(NULL, Object(Config\Cache), false)
#4 C:\xampp\htdocs\dumbways\public\index.php(37): CodeIgniter\CodeIgniter->run()
#5 C:\xampp\htdocs\dumbways\vendor\codeigniter4\framework\system\Commands\Server\rewrite.php(45): require_once('C:\\xampp\\htdocs...')
#6 {main}
CRITICAL - 2021-09-06 09:17:06 --> Array to string conversion
#0 C:\xampp\htdocs\dumbways\app\Controllers\Hello.php(21): CodeIgniter\Debug\Exceptions->errorHandler(8, 'Array to string...', 'C:\\xampp\\htdocs...', 21, Array)
#1 C:\xampp\htdocs\dumbways\vendor\codeigniter4\framework\system\CodeIgniter.php(928): App\Controllers\Hello->index()
#2 C:\xampp\htdocs\dumbways\vendor\codeigniter4\framework\system\CodeIgniter.php(436): CodeIgniter\CodeIgniter->runController(Object(App\Controllers\Hello))
#3 C:\xampp\htdocs\dumbways\vendor\codeigniter4\framework\system\CodeIgniter.php(336): CodeIgniter\CodeIgniter->handleRequest(NULL, Object(Config\Cache), false)
#4 C:\xampp\htdocs\dumbways\public\index.php(37): CodeIgniter\CodeIgniter->run()
#5 C:\xampp\htdocs\dumbways\vendor\codeigniter4\framework\system\Commands\Server\rewrite.php(45): require_once('C:\\xampp\\htdocs...')
#6 {main}
